cheese.log[2017-10-28 23:15:26.189] [INFO] cheese - 

Started 2017-10-28T15:15:26.188Z GET / ::1
[2017-10-28 23:15:26.221] [DEBUG] cheese - Cache set {"create_at":{"$gte":"2016-10-28T15:15:26.203Z"},"tab":{"$nin":["job","dev"]},"deleted":false}pages 0ms
[2017-10-28 23:15:26.339] [INFO] cheese - completed 200 (151ms)
[2017-10-28 23:15:26.355] [INFO] cheese - 

Started 2017-10-28T15:15:26.355Z GET /lib/bootstrap/bootstrap.css ::1
[2017-10-28 23:15:26.356] [INFO] cheese - 

Started 2017-10-28T15:15:26.356Z GET /css/nomalize.css ::1
[2017-10-28 23:15:26.357] [INFO] cheese - 

Started 2017-10-28T15:15:26.357Z GET /css/common.css ::1
[2017-10-28 23:15:26.358] [INFO] cheese - 

Started 2017-10-28T15:15:26.358Z GET /css/style.css ::1
[2017-10-28 23:15:26.359] [INFO] cheese - 

Started 2017-10-28T15:15:26.359Z GET /lib/jquery/dist/jquery.min.js ::1
[2017-10-28 23:15:26.361] [INFO] cheese - 

Started 2017-10-28T15:15:26.361Z GET /lib/bootstrap/dist/js/bootstrap.min.js ::1
[2017-10-28 23:15:26.384] [INFO] cheese - completed 304 (29ms)
[2017-10-28 23:15:26.385] [INFO] cheese - completed 304 (29ms)
[2017-10-28 23:15:26.386] [INFO] cheese - completed 304 (29ms)
[2017-10-28 23:15:26.388] [INFO] cheese - completed 304 (29ms)
[2017-10-28 23:15:26.392] [INFO] cheese - completed 304 (33ms)
[2017-10-28 23:15:26.392] [INFO] cheese - completed 304 (31ms)
[2017-10-28 23:15:26.393] [INFO] cheese - 

Started 2017-10-28T15:15:26.393Z GET /lib/markdown-it/dist/markdown-it.min.js ::1
[2017-10-28 23:15:26.405] [INFO] cheese - completed 304 (12ms)
[2017-10-28 23:16:33.989] [INFO] cheese - 

Started 2017-10-28T15:16:33.989Z GET / ::1
[2017-10-28 23:16:34.023] [DEBUG] cheese - Cache set {"create_at":{"$gte":"2016-10-28T15:16:34.004Z"},"tab":{"$nin":["job","dev"]},"deleted":false}pages 1ms
[2017-10-28 23:16:34.053] [INFO] cheese - completed 200 (64ms)
[2017-10-28 23:16:34.077] [INFO] cheese - 

Started 2017-10-28T15:16:34.077Z GET /lib/bootstrap/bootstrap.css ::1
[2017-10-28 23:16:34.079] [INFO] cheese - 

Started 2017-10-28T15:16:34.079Z GET /css/nomalize.css ::1
[2017-10-28 23:16:34.080] [INFO] cheese - 

Started 2017-10-28T15:16:34.080Z GET /css/common.css ::1
[2017-10-28 23:16:34.082] [INFO] cheese - 

Started 2017-10-28T15:16:34.082Z GET /css/style.css ::1
[2017-10-28 23:16:34.083] [INFO] cheese - 

Started 2017-10-28T15:16:34.083Z GET /lib/jquery/dist/jquery.min.js ::1
[2017-10-28 23:16:34.084] [INFO] cheese - 

Started 2017-10-28T15:16:34.084Z GET /lib/bootstrap/dist/js/bootstrap.min.js ::1
[2017-10-28 23:16:34.118] [INFO] cheese - completed 304 (41ms)
[2017-10-28 23:16:34.118] [INFO] cheese - completed 304 (39ms)
[2017-10-28 23:16:34.119] [INFO] cheese - completed 304 (39ms)
[2017-10-28 23:16:34.120] [INFO] cheese - completed 304 (38ms)
[2017-10-28 23:16:34.120] [INFO] cheese - completed 304 (37ms)
[2017-10-28 23:16:34.120] [INFO] cheese - completed 304 (36ms)
[2017-10-28 23:16:34.130] [INFO] cheese - 

Started 2017-10-28T15:16:34.129Z GET /lib/markdown-it/dist/markdown-it.min.js ::1
[2017-10-28 23:16:34.160] [INFO] cheese - completed 304 (31ms)
[2017-10-28 23:16:54.665] [INFO] cheese - 

Started 2017-10-28T15:16:54.665Z GET / ::1
[2017-10-28 23:16:54.674] [DEBUG] cheese - Cache set {"create_at":{"$gte":"2016-10-28T15:16:54.669Z"},"tab":{"$nin":["job","dev"]},"deleted":false}pages 0ms
[2017-10-28 23:16:54.693] [INFO] cheese - completed 200 (28ms)
[2017-10-28 23:16:54.724] [INFO] cheese - 

Started 2017-10-28T15:16:54.724Z GET /lib/bootstrap/bootstrap.css ::1
[2017-10-28 23:16:54.727] [INFO] cheese - 

Started 2017-10-28T15:16:54.727Z GET /css/nomalize.css ::1
[2017-10-28 23:16:54.728] [INFO] cheese - 

Started 2017-10-28T15:16:54.728Z GET /css/common.css ::1
[2017-10-28 23:16:54.729] [INFO] cheese - 

Started 2017-10-28T15:16:54.729Z GET /css/style.css ::1
[2017-10-28 23:16:54.730] [INFO] cheese - 

Started 2017-10-28T15:16:54.730Z GET /lib/jquery/dist/jquery.min.js ::1
[2017-10-28 23:16:54.731] [INFO] cheese - 

Started 2017-10-28T15:16:54.731Z GET /lib/bootstrap/dist/js/bootstrap.min.js ::1
[2017-10-28 23:16:54.747] [INFO] cheese - completed 304 (23ms)
[2017-10-28 23:16:54.747] [INFO] cheese - completed 304 (20ms)
[2017-10-28 23:16:54.748] [INFO] cheese - completed 304 (20ms)
[2017-10-28 23:16:54.748] [INFO] cheese - completed 304 (19ms)
[2017-10-28 23:16:54.748] [INFO] cheese - completed 304 (18ms)
[2017-10-28 23:16:54.749] [INFO] cheese - completed 304 (18ms)
[2017-10-28 23:16:54.760] [INFO] cheese - 

Started 2017-10-28T15:16:54.760Z GET /lib/markdown-it/dist/markdown-it.min.js ::1
[2017-10-28 23:16:54.788] [INFO] cheese - completed 304 (28ms)
[2017-10-28 23:19:09.330] [INFO] cheese - 

Started 2017-10-28T15:19:09.330Z GET /topic/59f4867834d7a54615b5d0b2 ::1
[2017-10-28 23:19:09.353] [INFO] cheese - completed 200 (22ms)
